<?xml version="1.0" encoding="UTF-8"?>
<!-- Generated by org.testng.reporters.JUnitReportReporter -->
<testsuite hostname="DESKTOP-G0A77CO" failures="0" tests="1" name="tests.Day5.Day5Tests" time="1.776" errors="0" timestamp="2022-08-11T23:14:20 PDT" skipped="0">
  <testcase classname="tests.Day5.Day5Tests" name="serilizationWithLombok" time="1.776"/>
  <system-out/>
</testsuite> <!-- tests.Day5.Day5Tests -->
