<?xml version="1.0" encoding="UTF-8"?>
<!-- Generated by org.testng.reporters.JUnitReportReporter -->
<testsuite hostname="DESKTOP-G0A77CO" failures="0" tests="1" name="tests.Day3.Day3JsonTests" time="1.747" errors="0" timestamp="2022-08-11T06:52:22 PDT" skipped="0">
  <testcase classname="tests.Day3.Day3JsonTests" name="verifyFriendAddedComplexJson_Test" time="1.747"/>
  <system-out/>
</testsuite> <!-- tests.Day3.Day3JsonTests -->
