<?xml version="1.0" encoding="UTF-8"?>
<!-- Generated by org.testng.reporters.JUnitReportReporter -->
<testsuite hostname="DESKTOP-G0A77CO" failures="0" tests="1" name="tests.Day3.Day3JsonFileTests" time="1.610" errors="0" timestamp="2022-08-06T06:17:55 PDT" skipped="0">
  <testcase classname="tests.Day3.Day3JsonFileTests" name="verifyComplexJSONFile_Test" time="1.610"/>
  <system-out/>
</testsuite> <!-- tests.Day3.Day3JsonFileTests -->
