<?xml version="1.0" encoding="UTF-8"?>
<!-- Generated by org.testng.reporters.JUnitReportReporter -->
<testsuite hostname="DESKTOP-G0A77CO" failures="0" tests="4" name="tests.Day3.Day3Tests" time="1.781" errors="0" timestamp="2022-08-08T00:50:52 PDT" skipped="0">
  <testcase classname="tests.Day3.Day3Tests" name="verifyExcelDataProvider_CommentsEndPoint_Test" time="0.048"/>
  <system-out/>
  <testcase classname="tests.Day3.Day3Tests" name="verifyExcelDataProvider_CommentsEndPoint_Test" time="0.045"/>
  <system-out/>
  <testcase classname="tests.Day3.Day3Tests" name="verifyExcelDataProvider_CommentsEndPoint_Test" time="0.042"/>
  <system-out/>
  <testcase classname="tests.Day3.Day3Tests" name="verifyExcelDataProvider_CommentsEndPoint_Test" time="1.646"/>
  <system-out/>
</testsuite> <!-- tests.Day3.Day3Tests -->
