<?xml version="1.0" encoding="UTF-8"?>
<!-- Generated by org.testng.reporters.JUnitReportReporter -->
<testsuite hostname="DESKTOP-G0A77CO" failures="0" tests="1" name="tests.Day2.Day2Tests" time="1.606" errors="0" timestamp="2022-08-11T22:44:36 PDT" skipped="0">
  <testcase classname="tests.Day2.Day2Tests" name="jsonPathValidation" time="1.606"/>
  <system-out/>
</testsuite> <!-- tests.Day2.Day2Tests -->
