<?xml version="1.0" encoding="UTF-8"?>
<!-- Generated by org.testng.reporters.JUnitReportReporter -->
<testsuite hostname="DESKTOP-G0A77CO" failures="0" tests="1" name="tests.Day1.Day1Tests" time="1.391" errors="0" timestamp="2022-08-05T04:54:13 PDT" skipped="0">
  <testcase classname="tests.Day1.Day1Tests" name="getPosts" time="1.391"/>
  <system-out/>
</testsuite> <!-- tests.Day1.Day1Tests -->
