<?xml version="1.0" encoding="UTF-8"?>
<!-- Generated by org.testng.reporters.JUnitReportReporter -->
<testsuite skipped="0" hostname="Mahesh" name="tests.Day4.Day4FrameworkTests" tests="3" failures="0" timestamp="25 May 2021 16:16:04 GMT" time="4.442" errors="0">
  <testcase name="verifyPlaceNameFramework_CountryTest" time="2.960" classname="tests.Day4.Day4FrameworkTests"/>
  <testcase name="verifyPlaceNameFramework_CountryTest" time="0.730" classname="tests.Day4.Day4FrameworkTests"/>
  <testcase name="verifyPlaceNameFramework_CountryTest" time="0.752" classname="tests.Day4.Day4FrameworkTests"/>
</testsuite> <!-- tests.Day4.Day4FrameworkTests -->
