<?xml version="1.0" encoding="UTF-8"?>
<!-- Generated by org.testng.reporters.JUnitReportReporter -->
<testsuite skipped="0" hostname="Mahesh" name="tests.DemoTest" tests="1" failures="0" timestamp="17 May 2021 16:15:09 GMT" time="0.522" errors="0">
  <testcase name="verifyFriendGetSimple_Test" time="0.522" classname="tests.DemoTest"/>
</testsuite> <!-- tests.DemoTest -->
