<?xml version="1.0" encoding="UTF-8"?>
<!-- Generated by org.testng.reporters.JUnitReportReporter -->
<testsuite hostname="DESKTOP-G0A77CO" failures="0" tests="1" name="tests.Day6.SchemaValidation" time="1.000" errors="0" timestamp="2022-08-16T02:36:42 PDT" skipped="0">
  <testcase classname="tests.Day6.SchemaValidation" name="serilizationWithLombok" time="1.000"/>
  <system-out/>
</testsuite> <!-- tests.Day6.SchemaValidation -->
